        -:    0:Source:C:/Users/x-user/Desktop/Algo I/TPI/TPI-template/TPI-toroide/tests/EJ09_esPeriodicoTEST.cpp
        -:    0:Graph:C:\Users\x-user\Desktop\Algo I\TPI\TPI-template\TPI-toroide\cmake-build-debug\CMakeFiles\juegoDeLaVida.dir\tests\EJ09_esPeriodicoTEST.gcno
        -:    0:Data:C:\Users\x-user\Desktop\Algo I\TPI\TPI-template\TPI-toroide\cmake-build-debug\CMakeFiles\juegoDeLaVida.dir\tests\EJ09_esPeriodicoTEST.gcda
        -:    0:Runs:1
        -:    0:Programs:1
        -:    1:#include "../ejercicios.h"
        -:    2:#include "gtest/gtest.h"
        -:    3:#include <algorithm>
        -:    4:
        -:    5:using namespace std;
        -:    6:
        2:    7:TEST(esPeriodicoTEST, toroideHorizontalPeriodico2){
        -:    8:    toroide t = { 
        -:    9:                  {false, false, false, false, false}, 
        -:   10:                  {false, false, false, false, false}, 
        -:   11:                  {false, true, true, true, false},
        -:   12:                  {false, false, false, false, false}, 
        9:   13:                  {false, false,false, false, false} };
        1:   14:    int p=2;// hay que inicializarlo?
        1:   15:    bool res = esPeriodico(t, p);
       1*:   16:    EXPECT_TRUE(res);
       1*:   17:    EXPECT_EQ(p, 2);
        1:   18:}
------------------
_ZN48esPeriodicoTEST_toroideHorizontalPeriodico2_Test8TestBodyEv:
        1:    7:TEST(esPeriodicoTEST, toroideHorizontalPeriodico2){
        -:    8:    toroide t = { 
        -:    9:                  {false, false, false, false, false}, 
        -:   10:                  {false, false, false, false, false}, 
        -:   11:                  {false, true, true, true, false},
        -:   12:                  {false, false, false, false, false}, 
        9:   13:                  {false, false,false, false, false} };
        1:   13-block  0
        1:   13-block  1
        1:   13-block  2
        1:   13-block  3
        1:   13-block  4
        1:   13-block  5
        5:   13-block  6
        1:   13-block  7
    $$$$$:   13-block  8
    $$$$$:   13-block  9
    $$$$$:   13-block 10
    $$$$$:   13-block 11
    $$$$$:   13-block 12
    $$$$$:   13-block 13
    $$$$$:   13-block 14
    $$$$$:   13-block 15
    $$$$$:   13-block 16
    $$$$$:   13-block 17
    $$$$$:   13-block 18
    $$$$$:   13-block 19
    $$$$$:   13-block 20
    $$$$$:   13-block 21
        1:   14:    int p=2;// hay que inicializarlo?
        1:   15:    bool res = esPeriodico(t, p);
       1*:   16:    EXPECT_TRUE(res);
        1:   16-block  0
        1:   16-block  1
    %%%%%:   16-block  2
    %%%%%:   16-block  3
    %%%%%:   16-block  4
    %%%%%:   16-block  5
    %%%%%:   16-block  6
        1:   16-block  7
    $$$$$:   16-block  8
    $$$$$:   16-block  9
    $$$$$:   16-block 10
    $$$$$:   16-block 11
    $$$$$:   16-block 12
    $$$$$:   16-block 13
    $$$$$:   16-block 14
       1*:   17:    EXPECT_EQ(p, 2);
        1:   17-block  0
    %%%%%:   17-block  1
    %%%%%:   17-block  2
    %%%%%:   17-block  3
    %%%%%:   17-block  4
    %%%%%:   17-block  5
        1:   17-block  6
    $$$$$:   17-block  7
    $$$$$:   17-block  8
    $$$$$:   17-block  9
    $$$$$:   17-block 10
    $$$$$:   17-block 11
    $$$$$:   17-block 12
        1:   18:}
------------------
_ZN48esPeriodicoTEST_toroideHorizontalPeriodico2_TestC1Ev:
        1:    7:TEST(esPeriodicoTEST, toroideHorizontalPeriodico2){
        1:    7-block  0
------------------
