        -:    0:Source:C:/Users/x-user/Desktop/Algo I/TPI/TPI-template/TPI-toroide/tests/EJ12_fusionarTEST.cpp
        -:    0:Graph:C:\Users\x-user\Desktop\Algo I\TPI\TPI-template\TPI-toroide\cmake-build-debug\CMakeFiles\juegoDeLaVida.dir\tests\EJ12_fusionarTEST.gcno
        -:    0:Data:C:\Users\x-user\Desktop\Algo I\TPI\TPI-template\TPI-toroide\cmake-build-debug\CMakeFiles\juegoDeLaVida.dir\tests\EJ12_fusionarTEST.gcda
        -:    0:Runs:1
        -:    0:Programs:1
        -:    1:#include "../ejercicios.h"
        -:    2:#include "gtest/gtest.h"
        -:    3:#include <algorithm>
        -:    4:
        -:    5:using namespace std;
        -:    6:
        2:    7:TEST(fusionarTEST, sinInterseccion){
        -:    8:    toroide t1 = { 
        -:    9:                  {true, false, false},
        -:   10:                  {false, true, false},
        7:   11:                  {false, false, true}}; 
        -:   12:    toroide t2 = { 
        -:   13:                  {false, true, true},
        -:   14:                  {true, false, true},
        7:   15:                  {true, true, false}};
        -:   16:
        -:   17:    toroide tout = {
        -:   18:            {false, false, false},
        -:   19:            {false, false, false},
        7:   20:            {false, false, false}};
        -:   21:
        2:   22:    toroide res = fusionar(t1, t2);
       1*:   23:    EXPECT_EQ(res, tout);
        1:   24:}
------------------
_ZN33fusionarTEST_sinInterseccion_Test8TestBodyEv:
        1:    7:TEST(fusionarTEST, sinInterseccion){
        -:    8:    toroide t1 = { 
        -:    9:                  {true, false, false},
        -:   10:                  {false, true, false},
        7:   11:                  {false, false, true}}; 
        1:   11-block  0
        1:   11-block  1
        1:   11-block  2
        1:   11-block  3
        3:   11-block  4
        1:   11-block  5
    $$$$$:   11-block  6
    $$$$$:   11-block  7
    $$$$$:   11-block  8
    $$$$$:   11-block  9
    $$$$$:   11-block 10
    $$$$$:   11-block 11
    $$$$$:   11-block 12
    $$$$$:   11-block 13
    $$$$$:   11-block 14
    $$$$$:   11-block 15
        -:   12:    toroide t2 = { 
        -:   13:                  {false, true, true},
        -:   14:                  {true, false, true},
        7:   15:                  {true, true, false}};
        1:   15-block  0
        1:   15-block  1
        1:   15-block  2
        3:   15-block  3
        1:   15-block  4
    $$$$$:   15-block  5
    $$$$$:   15-block  6
    $$$$$:   15-block  7
    $$$$$:   15-block  8
    $$$$$:   15-block  9
    $$$$$:   15-block 10
    $$$$$:   15-block 11
    $$$$$:   15-block 12
    $$$$$:   15-block 13
    $$$$$:   15-block 14
        -:   16:
        -:   17:    toroide tout = {
        -:   18:            {false, false, false},
        -:   19:            {false, false, false},
        7:   20:            {false, false, false}};
        1:   20-block  0
        1:   20-block  1
        1:   20-block  2
        3:   20-block  3
        1:   20-block  4
    $$$$$:   20-block  5
    $$$$$:   20-block  6
    $$$$$:   20-block  7
    $$$$$:   20-block  8
    $$$$$:   20-block  9
    $$$$$:   20-block 10
    $$$$$:   20-block 11
    $$$$$:   20-block 12
    $$$$$:   20-block 13
    $$$$$:   20-block 14
        -:   21:
        2:   22:    toroide res = fusionar(t1, t2);
    $$$$$:   22-block  0
       1*:   23:    EXPECT_EQ(res, tout);
        1:   23-block  0
        1:   23-block  1
    %%%%%:   23-block  2
    %%%%%:   23-block  3
    %%%%%:   23-block  4
    %%%%%:   23-block  5
    %%%%%:   23-block  6
        1:   23-block  7
    $$$$$:   23-block  8
    $$$$$:   23-block  9
    $$$$$:   23-block 10
    $$$$$:   23-block 11
    $$$$$:   23-block 12
        1:   24:}
------------------
_ZN33fusionarTEST_sinInterseccion_TestC1Ev:
        1:    7:TEST(fusionarTEST, sinInterseccion){
        1:    7-block  0
------------------
        2:   25:TEST(fusionarTEST, conInterseccion){
        -:   26:    toroide t1 = {
        -:   27:            {true, false, false},
        -:   28:            {false, true, false},
        7:   29:            {false, false, true}};
        -:   30:    toroide t2 = {
        -:   31:            {false, true, true},
        -:   32:            {true, true, true},
        7:   33:            {true, true, false}};
        -:   34:
        -:   35:    toroide tout = {
        -:   36:            {false, false, false},
        -:   37:            {false, true, false},
        7:   38:            {false, false, false}};
        -:   39:
        2:   40:    toroide res = fusionar(t1, t2);
       1*:   41:    EXPECT_EQ(res, tout);
        1:   42:}
------------------
_ZN33fusionarTEST_conInterseccion_Test8TestBodyEv:
        1:   25:TEST(fusionarTEST, conInterseccion){
        -:   26:    toroide t1 = {
        -:   27:            {true, false, false},
        -:   28:            {false, true, false},
        7:   29:            {false, false, true}};
        1:   29-block  0
        1:   29-block  1
        1:   29-block  2
        1:   29-block  3
        3:   29-block  4
        1:   29-block  5
    $$$$$:   29-block  6
    $$$$$:   29-block  7
    $$$$$:   29-block  8
    $$$$$:   29-block  9
    $$$$$:   29-block 10
    $$$$$:   29-block 11
    $$$$$:   29-block 12
    $$$$$:   29-block 13
    $$$$$:   29-block 14
    $$$$$:   29-block 15
        -:   30:    toroide t2 = {
        -:   31:            {false, true, true},
        -:   32:            {true, true, true},
        7:   33:            {true, true, false}};
        1:   33-block  0
        1:   33-block  1
        1:   33-block  2
        3:   33-block  3
        1:   33-block  4
    $$$$$:   33-block  5
    $$$$$:   33-block  6
    $$$$$:   33-block  7
    $$$$$:   33-block  8
    $$$$$:   33-block  9
    $$$$$:   33-block 10
    $$$$$:   33-block 11
    $$$$$:   33-block 12
    $$$$$:   33-block 13
    $$$$$:   33-block 14
        -:   34:
        -:   35:    toroide tout = {
        -:   36:            {false, false, false},
        -:   37:            {false, true, false},
        7:   38:            {false, false, false}};
        1:   38-block  0
        1:   38-block  1
        1:   38-block  2
        3:   38-block  3
        1:   38-block  4
    $$$$$:   38-block  5
    $$$$$:   38-block  6
    $$$$$:   38-block  7
    $$$$$:   38-block  8
    $$$$$:   38-block  9
    $$$$$:   38-block 10
    $$$$$:   38-block 11
    $$$$$:   38-block 12
    $$$$$:   38-block 13
    $$$$$:   38-block 14
        -:   39:
        2:   40:    toroide res = fusionar(t1, t2);
    $$$$$:   40-block  0
       1*:   41:    EXPECT_EQ(res, tout);
        1:   41-block  0
        1:   41-block  1
    %%%%%:   41-block  2
    %%%%%:   41-block  3
    %%%%%:   41-block  4
    %%%%%:   41-block  5
    %%%%%:   41-block  6
        1:   41-block  7
    $$$$$:   41-block  8
    $$$$$:   41-block  9
    $$$$$:   41-block 10
    $$$$$:   41-block 11
    $$$$$:   41-block 12
        1:   42:}
------------------
_ZN33fusionarTEST_conInterseccion_TestC1Ev:
        1:   25:TEST(fusionarTEST, conInterseccion){
        1:   25-block  0
------------------
